<?xml version="1.0" encoding="UTF-8"?>
<!-- Generated by org.testng.reporters.JUnitXMLReporter -->
<testsuite hostname="DESKTOP-FH426B8" ignored="0" name="Test" tests="5" failures="1" timestamp="2023-07-25T18:36:11 IST" time="0.201" errors="0">
  <testcase name="f1" time="0.014" classname="update.Firt">
    <skipped/>
  </testcase> <!-- f1 -->
  <testcase name="f1" time="0.001" classname="update.Firt">
    <skipped/>
  </testcase> <!-- f1 -->
  <testcase name="f1" time="0.002" classname="update.Firt">
    <skipped/>
  </testcase> <!-- f1 -->
  <testcase name="f1" time="0.002" classname="update.Firt">
    <skipped/>
  </testcase> <!-- f1 -->
  <testcase name="f1" time="0.001" classname="update.Firt">
    <failure type="java.lang.AssertionError" message="expected [true] but found [false]">
      <![CDATA[java.lang.AssertionError: expected [true] but found [false]
at update.Firt.f1(Firt.java:10)
at java.util.ArrayList.forEach(ArrayList.java:1257)
... Removed 33 stack frames]]>
    </failure>
  </testcase> <!-- f1 -->
</testsuite> <!-- Test -->
